Build started 31/03/2012 16:42:22.
     1>Project "C:\Documents\Uni Work\Year 3\SOFT323\A road to walk on with FlatThing3D and Tile\Basic Thing3D_2008.vcxproj" on node 2 (build target(s)).
     1>InitializeBuildStatus:
         Creating "Debug\Basic Thing3D.unsuccessfulbuild" because "AlwaysCreate" was specified.
       ClCompile:
         All outputs are up-to-date.
         c:\Programs\New Folder\VC\bin\CL.exe /c /I.\ /IOBJLoader /IDXUT\Core /IDXUT\Optional /IThing3D /ITile /ZI /nologo /W4 /WX- /Od /Oi /Oy- /D WIN32 /D _DEBUG /D DEBUG /D PROFILE /D _WINDOWS /D D3DXFX_LARGEADDRESS_HANDLE /D _UNICODE /D UNICODE /Gm /EHsc /RTC1 /MDd /GS /arch:SSE2 /fp:fast /Zc:wchar_t /Zc:forScope /openmp- /Fo"Debug\\" /Fd"Debug\vc100.pdb" /Gd /TP /analyze- /errorReport:prompt "Basic Thing3D STARTS HERE.cpp"
         Basic Thing3D STARTS HERE.cpp
     1>c:\documents\uni work\year 3\soft323\a road to walk on with flatthing3d and tile\basic thing3d starts here.cpp(288): warning C4244: '+=' : conversion from 'double' to 'float', possible loss of data
     1>c:\documents\uni work\year 3\soft323\a road to walk on with flatthing3d and tile\basic thing3d starts here.cpp(289): warning C4244: '+=' : conversion from 'double' to 'float', possible loss of data
     1>c:\documents\uni work\year 3\soft323\a road to walk on with flatthing3d and tile\basic thing3d starts here.cpp(384): warning C4996: 'swprintf': swprintf has been changed to conform with the ISO C standard, adding an extra character count parameter. To use traditional Microsoft swprintf, set _CRT_NON_CONFORMING_SWPRINTFS.
                 c:\programs\new folder\vc\include\swprintf.inl(85) : see declaration of 'swprintf'
     1>c:\documents\uni work\year 3\soft323\a road to walk on with flatthing3d and tile\basic thing3d starts here.cpp(389): warning C4996: 'swprintf': swprintf has been changed to conform with the ISO C standard, adding an extra character count parameter. To use traditional Microsoft swprintf, set _CRT_NON_CONFORMING_SWPRINTFS.
                 c:\programs\new folder\vc\include\swprintf.inl(85) : see declaration of 'swprintf'
     1>c:\documents\uni work\year 3\soft323\a road to walk on with flatthing3d and tile\basic thing3d starts here.cpp(394): warning C4244: 'initializing' : conversion from 'double' to 'int', possible loss of data
     1>c:\documents\uni work\year 3\soft323\a road to walk on with flatthing3d and tile\basic thing3d starts here.cpp(396): warning C4996: 'swprintf': swprintf has been changed to conform with the ISO C standard, adding an extra character count parameter. To use traditional Microsoft swprintf, set _CRT_NON_CONFORMING_SWPRINTFS.
                 c:\programs\new folder\vc\include\swprintf.inl(85) : see declaration of 'swprintf'
     1>c:\documents\uni work\year 3\soft323\a road to walk on with flatthing3d and tile\basic thing3d starts here.cpp(404): warning C4996: 'swprintf': swprintf has been changed to conform with the ISO C standard, adding an extra character count parameter. To use traditional Microsoft swprintf, set _CRT_NON_CONFORMING_SWPRINTFS.
                 c:\programs\new folder\vc\include\swprintf.inl(85) : see declaration of 'swprintf'
     1>c:\documents\uni work\year 3\soft323\a road to walk on with flatthing3d and tile\basic thing3d starts here.cpp(800): warning C4996: 'swprintf': swprintf has been changed to conform with the ISO C standard, adding an extra character count parameter. To use traditional Microsoft swprintf, set _CRT_NON_CONFORMING_SWPRINTFS.
                 c:\programs\new folder\vc\include\swprintf.inl(85) : see declaration of 'swprintf'
     1>c:\documents\uni work\year 3\soft323\a road to walk on with flatthing3d and tile\basic thing3d starts here.cpp(1009): warning C4101: 'hr' : unreferenced local variable
       ResourceCompile:
         All outputs are up-to-date.
       ManifestResourceCompile:
         All outputs are up-to-date.
       Link:
         c:\Programs\New Folder\VC\bin\link.exe /ERRORREPORT:PROMPT /OUT:"C:\Documents\Uni Work\Year 3\SOFT323\A road to walk on with FlatThing3D and Tile\Debug\Basic Thing3D.exe" /INCREMENTAL /NOLOGO d3dx10d.lib d3dx9d.lib dxerr.lib dxguid.lib winmm.lib comctl32.lib kernel32.lib user32.lib gdi32.lib winspool.lib comdlg32.lib advapi32.lib shell32.lib ole32.lib oleaut32.lib uuid.lib odbc32.lib odbccp32.lib /MANIFEST /ManifestFile:"Debug\Basic Thing3D.exe.intermediate.manifest" /MANIFESTUAC:"level='asInvoker' uiAccess='false'" /DEBUG /PDB:"C:\Documents\Uni Work\Year 3\SOFT323\A road to walk on with FlatThing3D and Tile\Debug\Basic Thing3D.pdb" /SUBSYSTEM:WINDOWS /LARGEADDRESSAWARE /TLBID:1 /DYNAMICBASE /NXCOMPAT /IMPLIB:"C:\Documents\Uni Work\Year 3\SOFT323\A road to walk on with FlatThing3D and Tile\Debug\Basic Thing3D.lib" /MACHINE:X86 Debug\SimpleSample.res
         "Debug\Basic Thing3D.exe.embed.manifest.res"
         Debug\ball.obj
         Debug\DXUT.obj
         Debug\DXUTcamera.obj
         Debug\DXUTenum.obj
         Debug\DXUTgui.obj
         Debug\DXUTmisc.obj
         Debug\DXUTres.obj
         Debug\DXUTsettingsdlg.obj
         Debug\SDKmesh.obj
         Debug\SDKmisc.obj
         "Debug\Basic Thing3D STARTS HERE.obj"
         Debug\levelLoader.obj
         Debug\SimpleSample9.obj
         Debug\soundEffects.obj
         Debug\soundManager.obj
         Debug\EffectForAbstractThing3D.obj
         Debug\Thing3D.obj
         Debug\Thing3DAbstract.obj
         Debug\World.obj
       Manifest:
         F:\Program Files (x86)\Microsoft SDKs\Windows\v7.0A\bin\mt.exe /nologo /verbose /out:"Debug\Basic Thing3D.exe.embed.manifest" /manifest DXUT\Core\dpiaware.manifest "Debug\Basic Thing3D.exe.intermediate.manifest"
         All outputs are up-to-date.
       LinkEmbedManifest:
         All outputs are up-to-date.
         Basic Thing3D_2008.vcxproj -> C:\Documents\Uni Work\Year 3\SOFT323\A road to walk on with FlatThing3D and Tile\Debug\Basic Thing3D.exe
       FinalizeBuildStatus:
         Deleting file "Debug\Basic Thing3D.unsuccessfulbuild".
         Touching "Debug\Basic Thing3D.lastbuildstate".
     1>Done Building Project "C:\Documents\Uni Work\Year 3\SOFT323\A road to walk on with FlatThing3D and Tile\Basic Thing3D_2008.vcxproj" (build target(s)).

Build succeeded.

Time Elapsed 00:00:02.41
