C:\SOFT323\A ROAD TO WALK ON WITH FLATTHING3D AND TILE\DEBUG\BASIC THING3D STARTS HERE.OBJ
C:\SOFT323\A ROAD TO WALK ON WITH FLATTHING3D AND TILE\DEBUG\BASIC THING3D.EXE
C:\SOFT323\A ROAD TO WALK ON WITH FLATTHING3D AND TILE\DEBUG\BASIC THING3D.EXE.EMBED.MANIFEST.RES
C:\SOFT323\A ROAD TO WALK ON WITH FLATTHING3D AND TILE\DEBUG\BASIC THING3D.EXE.INTERMEDIATE.MANIFEST
C:\SOFT323\A ROAD TO WALK ON WITH FLATTHING3D AND TILE\DEBUG\BASIC THING3D.ILK
C:\SOFT323\A ROAD TO WALK ON WITH FLATTHING3D AND TILE\DEBUG\BASIC THING3D.PCH
C:\SOFT323\A ROAD TO WALK ON WITH FLATTHING3D AND TILE\DEBUG\BASIC THING3D.PDB
C:\SOFT323\A ROAD TO WALK ON WITH FLATTHING3D AND TILE\DEBUG\DXUT.OBJ
C:\SOFT323\A ROAD TO WALK ON WITH FLATTHING3D AND TILE\DEBUG\DXUTCAMERA.OBJ
C:\SOFT323\A ROAD TO WALK ON WITH FLATTHING3D AND TILE\DEBUG\DXUTENUM.OBJ
C:\SOFT323\A ROAD TO WALK ON WITH FLATTHING3D AND TILE\DEBUG\DXUTGUI.OBJ
C:\SOFT323\A ROAD TO WALK ON WITH FLATTHING3D AND TILE\DEBUG\DXUTMISC.OBJ
C:\SOFT323\A ROAD TO WALK ON WITH FLATTHING3D AND TILE\DEBUG\DXUTRES.OBJ
C:\SOFT323\A ROAD TO WALK ON WITH FLATTHING3D AND TILE\DEBUG\DXUTSETTINGSDLG.OBJ
C:\SOFT323\A ROAD TO WALK ON WITH FLATTHING3D AND TILE\DEBUG\EFFECTFORABSTRACTTHING3D.OBJ
C:\SOFT323\A ROAD TO WALK ON WITH FLATTHING3D AND TILE\DEBUG\FLATTHING3D.OBJ
C:\SOFT323\A ROAD TO WALK ON WITH FLATTHING3D AND TILE\DEBUG\LEVELLOADER.OBJ
C:\SOFT323\A ROAD TO WALK ON WITH FLATTHING3D AND TILE\DEBUG\MESHLOADEROBJ10.OBJ
C:\SOFT323\A ROAD TO WALK ON WITH FLATTHING3D AND TILE\DEBUG\SDKMESH.OBJ
C:\SOFT323\A ROAD TO WALK ON WITH FLATTHING3D AND TILE\DEBUG\SDKMISC.OBJ
C:\SOFT323\A ROAD TO WALK ON WITH FLATTHING3D AND TILE\DEBUG\SIMPLESAMPLE.RES
C:\SOFT323\A ROAD TO WALK ON WITH FLATTHING3D AND TILE\DEBUG\SIMPLESAMPLE9.OBJ
C:\SOFT323\A ROAD TO WALK ON WITH FLATTHING3D AND TILE\DEBUG\THING3D.OBJ
C:\SOFT323\A ROAD TO WALK ON WITH FLATTHING3D AND TILE\DEBUG\THING3DABSTRACT.OBJ
C:\SOFT323\A ROAD TO WALK ON WITH FLATTHING3D AND TILE\DEBUG\THING3DOBJ.OBJ
C:\SOFT323\A ROAD TO WALK ON WITH FLATTHING3D AND TILE\DEBUG\TILE.OBJ
C:\SOFT323\A ROAD TO WALK ON WITH FLATTHING3D AND TILE\DEBUG\VC100.PDB
C:\SOFT323\A ROAD TO WALK ON WITH FLATTHING3D AND TILE\DEBUG\WORLD.OBJ
F:\USERS\MICHAEL\DOCUMENTS\UNI WORK\YEAR 3\SOFT323\A ROAD TO WALK ON WITH FLATTHING3D AND TILE\DEBUG\BASIC THING3D STARTS HERE.OBJ
F:\USERS\MICHAEL\DOCUMENTS\UNI WORK\YEAR 3\SOFT323\A ROAD TO WALK ON WITH FLATTHING3D AND TILE\DEBUG\BASIC THING3D.EXE.EMBED.MANIFEST
F:\USERS\MICHAEL\DOCUMENTS\UNI WORK\YEAR 3\SOFT323\A ROAD TO WALK ON WITH FLATTHING3D AND TILE\DEBUG\BASIC THING3D.EXE.EMBED.MANIFEST.RES
F:\Users\Michael\Documents\Uni Work\Year 3\SOFT323\A road to walk on with FlatThing3D and Tile\Debug\Basic Thing3D.exe.intermediate.manifest
F:\USERS\MICHAEL\DOCUMENTS\UNI WORK\YEAR 3\SOFT323\A ROAD TO WALK ON WITH FLATTHING3D AND TILE\DEBUG\BASIC THING3D.PCH
F:\Users\Michael\Documents\Uni Work\Year 3\SOFT323\A road to walk on with FlatThing3D and Tile\Debug\Basic Thing3D.pdb
F:\Users\Michael\Documents\Uni Work\Year 3\SOFT323\A road to walk on with FlatThing3D and Tile\Debug\Basic Thing3D_manifest.rc
F:\Users\Michael\Documents\Uni Work\Year 3\SOFT323\A road to walk on with FlatThing3D and Tile\Debug\cl.command.1.tlog
F:\Users\Michael\Documents\Uni Work\Year 3\SOFT323\A road to walk on with FlatThing3D and Tile\Debug\CL.read.1.tlog
F:\Users\Michael\Documents\Uni Work\Year 3\SOFT323\A road to walk on with FlatThing3D and Tile\Debug\CL.write.1.tlog
F:\USERS\MICHAEL\DOCUMENTS\UNI WORK\YEAR 3\SOFT323\A ROAD TO WALK ON WITH FLATTHING3D AND TILE\DEBUG\DXUT.OBJ
F:\USERS\MICHAEL\DOCUMENTS\UNI WORK\YEAR 3\SOFT323\A ROAD TO WALK ON WITH FLATTHING3D AND TILE\DEBUG\DXUTCAMERA.OBJ
F:\USERS\MICHAEL\DOCUMENTS\UNI WORK\YEAR 3\SOFT323\A ROAD TO WALK ON WITH FLATTHING3D AND TILE\DEBUG\DXUTENUM.OBJ
F:\USERS\MICHAEL\DOCUMENTS\UNI WORK\YEAR 3\SOFT323\A ROAD TO WALK ON WITH FLATTHING3D AND TILE\DEBUG\DXUTGUI.OBJ
F:\USERS\MICHAEL\DOCUMENTS\UNI WORK\YEAR 3\SOFT323\A ROAD TO WALK ON WITH FLATTHING3D AND TILE\DEBUG\DXUTMISC.OBJ
F:\USERS\MICHAEL\DOCUMENTS\UNI WORK\YEAR 3\SOFT323\A ROAD TO WALK ON WITH FLATTHING3D AND TILE\DEBUG\DXUTRES.OBJ
F:\USERS\MICHAEL\DOCUMENTS\UNI WORK\YEAR 3\SOFT323\A ROAD TO WALK ON WITH FLATTHING3D AND TILE\DEBUG\DXUTSETTINGSDLG.OBJ
F:\USERS\MICHAEL\DOCUMENTS\UNI WORK\YEAR 3\SOFT323\A ROAD TO WALK ON WITH FLATTHING3D AND TILE\DEBUG\EFFECTFORABSTRACTTHING3D.OBJ
F:\USERS\MICHAEL\DOCUMENTS\UNI WORK\YEAR 3\SOFT323\A ROAD TO WALK ON WITH FLATTHING3D AND TILE\DEBUG\FLATTHING3D.OBJ
F:\USERS\MICHAEL\DOCUMENTS\UNI WORK\YEAR 3\SOFT323\A ROAD TO WALK ON WITH FLATTHING3D AND TILE\DEBUG\LEVELLOADER.OBJ
F:\Users\Michael\Documents\Uni Work\Year 3\SOFT323\A road to walk on with FlatThing3D and Tile\Debug\link.1868.read.1.tlog
F:\Users\Michael\Documents\Uni Work\Year 3\SOFT323\A road to walk on with FlatThing3D and Tile\Debug\link.1868.write.1.tlog
F:\Users\Michael\Documents\Uni Work\Year 3\SOFT323\A road to walk on with FlatThing3D and Tile\Debug\link.1868-cvtres.read.1.tlog
F:\Users\Michael\Documents\Uni Work\Year 3\SOFT323\A road to walk on with FlatThing3D and Tile\Debug\link.1868-cvtres.write.1.tlog
F:\Users\Michael\Documents\Uni Work\Year 3\SOFT323\A road to walk on with FlatThing3D and Tile\Debug\link.3608.read.1.tlog
F:\Users\Michael\Documents\Uni Work\Year 3\SOFT323\A road to walk on with FlatThing3D and Tile\Debug\link.3608.write.1.tlog
F:\Users\Michael\Documents\Uni Work\Year 3\SOFT323\A road to walk on with FlatThing3D and Tile\Debug\link.3608-cvtres.read.1.tlog
F:\Users\Michael\Documents\Uni Work\Year 3\SOFT323\A road to walk on with FlatThing3D and Tile\Debug\link.3608-cvtres.write.1.tlog
F:\Users\Michael\Documents\Uni Work\Year 3\SOFT323\A road to walk on with FlatThing3D and Tile\Debug\link.command.1.tlog
F:\Users\Michael\Documents\Uni Work\Year 3\SOFT323\A road to walk on with FlatThing3D and Tile\Debug\link.read.1.tlog
F:\Users\Michael\Documents\Uni Work\Year 3\SOFT323\A road to walk on with FlatThing3D and Tile\Debug\link.write.1.tlog
F:\Users\Michael\Documents\Uni Work\Year 3\SOFT323\A road to walk on with FlatThing3D and Tile\Debug\link-cvtres.read.1.tlog
F:\Users\Michael\Documents\Uni Work\Year 3\SOFT323\A road to walk on with FlatThing3D and Tile\Debug\link-cvtres.write.1.tlog
F:\USERS\MICHAEL\DOCUMENTS\UNI WORK\YEAR 3\SOFT323\A ROAD TO WALK ON WITH FLATTHING3D AND TILE\DEBUG\MESHLOADEROBJ10.OBJ
F:\Users\Michael\Documents\Uni Work\Year 3\SOFT323\A road to walk on with FlatThing3D and Tile\Debug\mt.command.1.tlog
F:\Users\Michael\Documents\Uni Work\Year 3\SOFT323\A road to walk on with FlatThing3D and Tile\Debug\mt.read.1.tlog
F:\Users\Michael\Documents\Uni Work\Year 3\SOFT323\A road to walk on with FlatThing3D and Tile\Debug\mt.write.1.tlog
F:\Users\Michael\Documents\Uni Work\Year 3\SOFT323\A road to walk on with FlatThing3D and Tile\Debug\rc.command.1.tlog
F:\Users\Michael\Documents\Uni Work\Year 3\SOFT323\A road to walk on with FlatThing3D and Tile\Debug\rc.read.1.tlog
F:\Users\Michael\Documents\Uni Work\Year 3\SOFT323\A road to walk on with FlatThing3D and Tile\Debug\rc.write.1.tlog
F:\USERS\MICHAEL\DOCUMENTS\UNI WORK\YEAR 3\SOFT323\A ROAD TO WALK ON WITH FLATTHING3D AND TILE\DEBUG\SDKMESH.OBJ
F:\USERS\MICHAEL\DOCUMENTS\UNI WORK\YEAR 3\SOFT323\A ROAD TO WALK ON WITH FLATTHING3D AND TILE\DEBUG\SDKMISC.OBJ
F:\USERS\MICHAEL\DOCUMENTS\UNI WORK\YEAR 3\SOFT323\A ROAD TO WALK ON WITH FLATTHING3D AND TILE\DEBUG\SIMPLESAMPLE.RES
F:\USERS\MICHAEL\DOCUMENTS\UNI WORK\YEAR 3\SOFT323\A ROAD TO WALK ON WITH FLATTHING3D AND TILE\DEBUG\SIMPLESAMPLE9.OBJ
F:\USERS\MICHAEL\DOCUMENTS\UNI WORK\YEAR 3\SOFT323\A ROAD TO WALK ON WITH FLATTHING3D AND TILE\DEBUG\THING3D.OBJ
F:\USERS\MICHAEL\DOCUMENTS\UNI WORK\YEAR 3\SOFT323\A ROAD TO WALK ON WITH FLATTHING3D AND TILE\DEBUG\THING3DABSTRACT.OBJ
F:\USERS\MICHAEL\DOCUMENTS\UNI WORK\YEAR 3\SOFT323\A ROAD TO WALK ON WITH FLATTHING3D AND TILE\DEBUG\THING3DOBJ.OBJ
F:\USERS\MICHAEL\DOCUMENTS\UNI WORK\YEAR 3\SOFT323\A ROAD TO WALK ON WITH FLATTHING3D AND TILE\DEBUG\TILE.OBJ
F:\Users\Michael\Documents\Uni Work\Year 3\SOFT323\A road to walk on with FlatThing3D and Tile\Debug\vc100.idb
F:\USERS\MICHAEL\DOCUMENTS\UNI WORK\YEAR 3\SOFT323\A ROAD TO WALK ON WITH FLATTHING3D AND TILE\DEBUG\VC100.PDB
F:\USERS\MICHAEL\DOCUMENTS\UNI WORK\YEAR 3\SOFT323\A ROAD TO WALK ON WITH FLATTHING3D AND TILE\DEBUG\WORLD.OBJ
